
Showing logs for build [32mcb-kubecd-environment-pr-177-53-vpphp-1[0m stage [32mfrom-build-pack[0m and container [32mstep-credential-initializer-v9sqx[0m
{"level":"warn","ts":1583641648.7857566,"logger":"fallback-logger","caller":"logging/config.go:69","msg":"Fetch GitHub commit ID from kodata failed: \"ref: refs/heads/0.8.0-**-support-backwards-incompats\" is not a valid GitHub commit ID"}
{"level":"info","ts":1583641648.7866757,"logger":"fallback-logger","caller":"creds-init/main.go:40","msg":"Credentials initialized."}

Showing logs for build [32mcb-kubecd-environment-pr-177-53-vpphp-1[0m stage [32mfrom-build-pack[0m and container [32mstep-working-dir-initializer-l2qmr[0m
{"level":"warn","ts":1583641650.6549537,"logger":"fallback-logger","caller":"logging/config.go:69","msg":"Fetch GitHub commit ID from kodata failed: open /var/run/ko/HEAD: no such file or directory"}
{"level":"info","ts":1583641650.6764848,"logger":"fallback-logger","caller":"bash/main.go:64","msg":"Successfully executed command \"sh -c mkdir -p /workspace/source\"; output "}

Showing logs for build [32mcb-kubecd-environment-pr-177-53-vpphp-1[0m stage [32mfrom-build-pack[0m and container [32mstep-place-tools[0m

Showing logs for build [32mcb-kubecd-environment-pr-177-53-vpphp-1[0m stage [32mfrom-build-pack[0m and container [32mstep-git-source-cb-kubecd-environment-pr-177-53-vpphp-q6t29[0m
{"level":"warn","ts":1583641656.1949875,"logger":"fallback-logger","caller":"logging/config.go:69","msg":"Fetch GitHub commit ID from kodata failed: \"ref: refs/heads/0.8.0-**-support-backwards-incompats\" is not a valid GitHub commit ID"}
{"level":"info","ts":1583641657.2423284,"logger":"fallback-logger","caller":"git/git.go:103","msg":"Successfully cloned https://github.com/cb-kubecd/environment-pr-177-53-boot-gke-staging.git @ master in path /workspace/source"}

Showing logs for build [32mcb-kubecd-environment-pr-177-53-vpphp-1[0m stage [32mfrom-build-pack[0m and container [32mstep-git-merge[0m
Using SHAs from PULL_REFS=master:17631ca76aa53016f0bc7aa3cd6c0caf64a2e6e6,1:f6f6d3c7656ee85bc795a36ef7d218c65df14521
DEBUG: LC_ALL=C JX_LOG_LEVEL=error git fetch origin --unshallow f6f6d3c7656ee85bc795a36ef7d218c65df14521: 17631ca76aa53016f0bc7aa3cd6c0caf64a2e6e6:
DEBUG: ran git fetch --unshallow origin f6f6d3c7656ee85bc795a36ef7d218c65df14521: 17631ca76aa53016f0bc7aa3cd6c0caf64a2e6e6: in 
DEBUG: LC_ALL=C JX_LOG_LEVEL=error git branch
DEBUG: LC_ALL=C JX_LOG_LEVEL=error git checkout master
DEBUG: ran git checkout master in 
DEBUG: LC_ALL=C JX_LOG_LEVEL=error git reset --hard 17631ca76aa53016f0bc7aa3cd6c0caf64a2e6e6
DEBUG: ran git reset --hard 17631ca76aa53016f0bc7aa3cd6c0caf64a2e6e6 in 
DEBUG: LC_ALL=C JX_LOG_LEVEL=error git clean -fd .
DEBUG: ran clean --force -d . in 
DEBUG: LC_ALL=C JX_LOG_LEVEL=error git merge f6f6d3c7656ee85bc795a36ef7d218c65df14521
DEBUG: ran git merge f6f6d3c7656ee85bc795a36ef7d218c65df14521 in 
DEBUG: LC_ALL=C JX_LOG_LEVEL=error git log --format=%H%x1f%an%x1f%ae%x1f%cn%x1f%ce%x1f%s%n%b%x1e 17631ca76aa53016f0bc7aa3cd6c0caf64a2e6e6..HEAD
Merged SHA f6f6d3c7656ee85bc795a36ef7d218c65df14521 with commit message 'chore: Promote bdd-spring-1583641355 to version 0.0.1' into base branch master

Showing logs for build [32mcb-kubecd-environment-pr-177-53-vpphp-1[0m stage [32mfrom-build-pack[0m and container [32mstep-build-helm-build[0m
WARNING: No $CHART_REPOSITORY defined so using the default value of: http://jenkins-x-chartmuseum:8080
Adding missing Helm repo: storage.googleapis.com https://storage.googleapis.com/chartmuseum.jenkins-x.io
WARNING: No secrets found on "helm/repos" due: reading the secret "helm/repos" from vault: no secret "helm/repos" not found in vault
Read credentials for https://storage.googleapis.com/chartmuseum.jenkins-x.io from vault helm/repos
Successfully added Helm repository storage.googleapis.com.
Adding missing Helm repo: jenkins-x-chartmuseum http://jenkins-x-chartmuseum:8080
WARNING: No secrets found on "helm/repos" due: reading the secret "helm/repos" from vault: no secret "helm/repos" not found in vault
Read credentials for http://jenkins-x-chartmuseum:8080 from vault helm/repos
Successfully added Helm repository jenkins-x-chartmuseum.
WARNING: No $CHART_REPOSITORY defined so using the default value of: http://jenkins-x-chartmuseum:8080
Adding missing Helm repo: chartmuseum.jenkins-x.io http://chartmuseum.jenkins-x.io
WARNING: No secrets found on "helm/repos" due: reading the secret "helm/repos" from vault: no secret "helm/repos" not found in vault
Read credentials for http://chartmuseum.jenkins-x.io from vault helm/repos
Successfully added Helm repository chartmuseum.jenkins-x.io.
